c:\users\yjh1121\source\repos\learningopengl-master\learningopengl-master\bin\x86\debug\3_hellotriangle.lib
c:\users\yjh1121\source\repos\learningopengl-master\learningopengl-master\bin\x86\debug\3_hellotriangle.exp
c:\users\yjh1121\source\repos\radeongraphicdriverbugexample\learningopengl-master\bin\intermediates\x86\debug\vc143.pdb
c:\users\yjh1121\source\repos\radeongraphicdriverbugexample\learningopengl-master\bin\intermediates\x86\debug\vc143.idb
c:\users\yjh1121\source\repos\radeongraphicdriverbugexample\learningopengl-master\bin\intermediates\x86\debug\application.obj
c:\users\yjh1121\source\repos\radeongraphicdriverbugexample\learningopengl-master\bin\x86\debug\3_hellotriangle.exe
c:\users\yjh1121\source\repos\radeongraphicdriverbugexample\learningopengl-master\bin\intermediates\x86\debug\3_hellotriangle.ilk
c:\users\yjh1121\source\repos\radeongraphicdriverbugexample\learningopengl-master\bin\x86\debug\3_hellotriangle.pdb
c:\users\yjh1121\source\repos\radeongraphicdriverbugexample\learningopengl-master\bin\x86\debug\3_hellotriangle.lib
c:\users\yjh1121\source\repos\radeongraphicdriverbugexample\learningopengl-master\bin\x86\debug\3_hellotriangle.exp
c:\users\yjh1121\source\repos\radeongraphicdriverbugexample\learningopengl-master\bin\intermediates\x86\debug\vc141.idb
c:\users\yjh1121\source\repos\radeongraphicdriverbugexample\learningopengl-master\bin\intermediates\x86\debug\vc141.pdb
c:\users\yjh1121\source\repos\radeongraphicdriverbugexample\learningopengl-master\bin\x86\debug\3_hellotriangle.ilk
c:\users\yjh1121\source\repos\radeongraphicdriverbugexample\learningopengl-master\bin\intermediates\x86\debug\3_hellotriangle.vcxproj.filelistabsolute.txt
c:\users\yjh1121\source\repos\radeongraphicdriverbugexample\learningopengl-master\bin\intermediates\x86\debug\3_hellotriangle.tlog\3_hellotriangle.write.1u.tlog
c:\users\yjh1121\source\repos\radeongraphicdriverbugexample\learningopengl-master\bin\intermediates\x86\debug\3_hellotriangle.tlog\cl.command.1.tlog
c:\users\yjh1121\source\repos\radeongraphicdriverbugexample\learningopengl-master\bin\intermediates\x86\debug\3_hellotriangle.tlog\cl.items.tlog
c:\users\yjh1121\source\repos\radeongraphicdriverbugexample\learningopengl-master\bin\intermediates\x86\debug\3_hellotriangle.tlog\cl.read.1.tlog
c:\users\yjh1121\source\repos\radeongraphicdriverbugexample\learningopengl-master\bin\intermediates\x86\debug\3_hellotriangle.tlog\cl.write.1.tlog
c:\users\yjh1121\source\repos\radeongraphicdriverbugexample\learningopengl-master\bin\intermediates\x86\debug\3_hellotriangle.tlog\link.command.1.tlog
c:\users\yjh1121\source\repos\radeongraphicdriverbugexample\learningopengl-master\bin\intermediates\x86\debug\3_hellotriangle.tlog\link.read.1.tlog
c:\users\yjh1121\source\repos\radeongraphicdriverbugexample\learningopengl-master\bin\intermediates\x86\debug\3_hellotriangle.tlog\link.write.1.tlog
c:\users\yjh1121\source\repos\radeongraphicdriverbugexample\learningopengl-master\bin\intermediates\x86\debug\3_hellotriangle.tlog\link.write.2u.tlog
