c:\users\yjh1121\source\repos\learningopengl-master\learningopengl-master\bin\debug\x86\common.pdb
c:\users\yjh1121\source\repos\learningopengl-master\learningopengl-master\bin\debug\x86\common.idb
c:\users\yjh1121\source\repos\learningopengl-master\learningopengl-master\bin\intermediates\debug\x86\vertexbuffer.obj
c:\users\yjh1121\source\repos\learningopengl-master\learningopengl-master\bin\intermediates\debug\x86\vertexarray.obj
c:\users\yjh1121\source\repos\learningopengl-master\learningopengl-master\bin\intermediates\debug\x86\indexbuffer.obj
c:\users\yjh1121\source\repos\learningopengl-master\learningopengl-master\bin\intermediates\debug\x86\glfw_common.obj
c:\users\yjh1121\source\repos\learningopengl-master\learningopengl-master\bin\intermediates\debug\x86\glew_common.obj
c:\users\yjh1121\source\repos\learningopengl-master\learningopengl-master\bin\debug\x86\common.lib
c:\users\yjh1121\source\repos\radeongraphicdriverbugexample\learningopengl-master\bin\intermediates\debug\x86\application.obj
c:\users\yjh1121\source\repos\radeongraphicdriverbugexample\learningopengl-master\bin\intermediates\debug\x86\glew_common.obj
c:\users\yjh1121\source\repos\radeongraphicdriverbugexample\learningopengl-master\bin\intermediates\debug\x86\glfw_common.obj
c:\users\yjh1121\source\repos\radeongraphicdriverbugexample\learningopengl-master\bin\intermediates\debug\x86\indexbuffer.obj
c:\users\yjh1121\source\repos\radeongraphicdriverbugexample\learningopengl-master\bin\intermediates\debug\x86\line.obj
c:\users\yjh1121\source\repos\radeongraphicdriverbugexample\learningopengl-master\bin\intermediates\debug\x86\rectangle.obj
c:\users\yjh1121\source\repos\radeongraphicdriverbugexample\learningopengl-master\bin\intermediates\debug\x86\vertexarray.obj
c:\users\yjh1121\source\repos\radeongraphicdriverbugexample\learningopengl-master\bin\intermediates\debug\x86\vertexbuffer.obj
c:\users\yjh1121\source\repos\radeongraphicdriverbugexample\learningopengl-master\bin\intermediates\debug\x86\9_multipletextures.ilk
c:\users\yjh1121\source\repos\radeongraphicdriverbugexample\learningopengl-master\bin\intermediates\debug\x86\common.idb
c:\users\yjh1121\source\repos\radeongraphicdriverbugexample\learningopengl-master\bin\intermediates\debug\x86\vc141.idb
c:\users\yjh1121\source\repos\radeongraphicdriverbugexample\learningopengl-master\bin\intermediates\debug\x86\vc143.idb
c:\users\yjh1121\source\repos\radeongraphicdriverbugexample\learningopengl-master\bin\intermediates\debug\x86\common.pdb
c:\users\yjh1121\source\repos\radeongraphicdriverbugexample\learningopengl-master\bin\intermediates\debug\x86\vc141.pdb
c:\users\yjh1121\source\repos\radeongraphicdriverbugexample\learningopengl-master\bin\intermediates\debug\x86\vc143.pdb
c:\users\yjh1121\source\repos\radeongraphicdriverbugexample\learningopengl-master\bin\debug\x86\common.pdb
c:\users\yjh1121\source\repos\radeongraphicdriverbugexample\learningopengl-master\bin\debug\x86\common.lib
c:\users\yjh1121\source\repos\radeongraphicdriverbugexample\learningopengl-master\bin\intermediates\debug\x86\common.vcxproj.filelistabsolute.txt
c:\users\yjh1121\source\repos\radeongraphicdriverbugexample\learningopengl-master\bin\intermediates\debug\x86\common.tlog\cl.command.1.tlog
c:\users\yjh1121\source\repos\radeongraphicdriverbugexample\learningopengl-master\bin\intermediates\debug\x86\common.tlog\cl.items.tlog
c:\users\yjh1121\source\repos\radeongraphicdriverbugexample\learningopengl-master\bin\intermediates\debug\x86\common.tlog\cl.read.1.tlog
c:\users\yjh1121\source\repos\radeongraphicdriverbugexample\learningopengl-master\bin\intermediates\debug\x86\common.tlog\cl.write.1.tlog
c:\users\yjh1121\source\repos\radeongraphicdriverbugexample\learningopengl-master\bin\intermediates\debug\x86\common.tlog\lib-link.read.1.tlog
c:\users\yjh1121\source\repos\radeongraphicdriverbugexample\learningopengl-master\bin\intermediates\debug\x86\common.tlog\lib-link.write.1.tlog
c:\users\yjh1121\source\repos\radeongraphicdriverbugexample\learningopengl-master\bin\intermediates\debug\x86\common.tlog\lib.command.1.tlog
